SEGGER J-Link GDB Server V4.90 LogFile
Logging started @ 2017-07-07 15:40
03-00000000-00-00000000-001E: SEGGER J-Link GDB Server V4.90
03-00000000-00-00000000-0015:  Command Line Version
03-00000000-00-00000000-0036: JLinkARM.dll V4.90 (DLL compiled Jul 28 2014 10:35:20)
03-00000000-00-00000017-0023: -----GDB Server start settings-----
03-00000000-00-00000017-0023: GDBInit file:                  none
03-00000000-00-00000017-0023: GDB Server Listening port:     2331
03-00000000-00-00000017-0023: SWO raw output listening port: 2332
03-00000000-00-00000017-0023: Terminal I/O port:             2333
03-00000000-00-00000017-002D: Accept remote connection:      localhost only
03-00000000-00-00000017-0021: Generate logfile:              on
03-00000000-00-00000018-0022: Verify download:               off
03-00000000-00-00000018-0021: Init regs on start:            on
03-00000000-00-00000018-0021: Silent mode:                   on
03-00000000-00-00000018-0021: Single run mode:               on
03-00000000-00-00000018-0025: Target connection timeout:     5 sec.
03-00000000-00-00000029-0023: ------J-Link related settings------
03-00000000-00-00000029-0022: J-Link Host interface:         USB
03-00000000-00-00000029-0023: J-Link script:                 none
03-00000000-00-00000029-0023: J-Link settings file:          none
03-00000000-00-00000029-0023: ------Target related settings------
03-00000000-00-00000029-0028: Target device:                 Cortex-M0
03-00000000-00-00000029-0022: Target interface:              SWD
03-00000000-00-00000029-0026: Target interface speed:        4000kHz
03-00000000-00-00000029-0025: Target endian:                 little
03-00000000-00-00000032-0017: Connecting to J-Link...
02-00000000-00-00000043-003D: Firmware: J-Link OB-SAM3U128 V3 compiled Mar 29 2016 18:49:25
02-00000000-00-00000043-000F: Hardware: V3.00
02-00000000-00-00000043-000E: S/N: 483021308
02-00000000-00-00000305-0034: Feature(s): RDI  returns O.K. (0273ms, 0275ms total)
03-00000000-00-00000306-0014: J-Link is connected.
02-00000000-00-00000306-005F: T1EB8 000:306 JLINK_ExecCommand("device = Cortex-M0", ...)  returns 0x00 (0000ms, 0276ms total)
02-00000000-00-00000310-0068: T1EB8 000:309 JLINK_ExecCommand("SetFlashRewriteBehavior = 1", ...)  returns 0x00 (0000ms, 0279ms total)
02-00000000-00-00000310-0041: T1EB8 000:310 JLINK_GetFirmwareString(...) (0000ms, 0280ms total)
03-00000000-00-00000310-003D: Firmware: J-Link OB-SAM3U128 V3 compiled Mar 29 2016 18:49:25
02-00000000-00-00000310-004F: T1EB8 000:310 JLINK_GetHardwareVersion()  returns 0x7530 (0000ms, 0280ms total)
03-00000000-00-00000315-000F: Hardware: V3.00
03-00000000-00-00000315-000E: S/N: 483021308
03-00000000-00-00000315-000F: Feature(s): RDI
02-00000000-00-00000317-0049: T1EB8 000:315 JLINK_GetHWStatus(...)  returns 0x00 (0002ms, 0287ms total)
02-00000000-00-00000317-003C: T1EB8 000:317 JLINK_EnableSoftBPs(ON) (0000ms, 0287ms total)
03-00000000-00-00000317-001A: Checking target voltage...
03-00000000-00-00000318-0016: Target voltage: 3.30 V
03-00000000-00-00000318-001D: Listening on TCP/IP port 2331
03-00000000-00-00000318-0017: Connecting to target...
02-00000000-00-00000318-0035: T1EB8 000:318 JLINK_ClrError() (0000ms, 0287ms total)
02-00000000-00-00000320-0049: T1EB8 000:319 JLINK_GetHWStatus(...)  returns 0x00 (0001ms, 0289ms total)
02-00000000-00-00000335-0055: T1EB8 000:320 JLINK_TIF_Select(JLINKARM_TIF_SWD)  returns 0x00 (0015ms, 0304ms total)
02-00000000-00-00000337-0039: T1EB8 000:336 JLINK_SetSpeed(4000) (0001ms, 0305ms total)
02-00000000-00-00000337-0044: T1EB8 000:337 JLINK_GetSpeed()  returns 0xF07 (0000ms, 0305ms total)
02-00000000-00-00000337-0077: T1EB8 000:337 JLINK_SetResetType(JLINKARM_RESET_TYPE_NORMAL)  returns JLINKARM_RESET_TYPE_NORMAL (0000ms, 0305ms total)
02-00000000-00-00000337-003B: T1EB8 000:337 JLINK_SetResetDelay(0) (0000ms, 0305ms total)
02-00000000-00-00000338-0055: T1EB8 000:338 JLINK_SetEndian(ARM_ENDIAN_LITTLE)  returns 0x00 (0000ms, 0306ms total)
02-00000000-00-00000383-01E1: T1EB8 000:338 JLINK_Connect() >0x108 TIF> >0x0D TIF> >0x21 TIF> >0x0D TIF> >0x28 TIF> >0x0D TIF> >0x28 TIF> >0x0D TIF> >0x21 TIF> >0x0D TIF> >0x28 TIF> >0x0D TIF> >0x21 TIF> >0x0D TIF> >0x21 TIF> >0x0D TIF> >0x21 TIF> >0x0D TIF> >0x21 TIF> >0x0D TIF> >0x28 TIF> >0x0D TIF> >0x28 TIF> >0x0D TIF> >0x21 TIF> >0x0D TIF> >0x28 TIF> >0x0D TIF> >0x28 TIF> >0x0D TIF> >0x28 TIF> >0x0D TIF> >0x21 TIF> >0x0D TIF> >0x21 TIF> >0x0D TIF> >0x28 TIF> >0x0D TIF> >0x21 TIF> >0x0D TIF> >0x21 TIF>
02-00000000-00-00000393-012A:  -- CPU_WriteMem(4 bytes @ 0xE0002000) -- CPU_ReadMem(4 bytes @ 0xE000EDF0) -- CPU_ReadMem(4 bytes @ 0xE0002000) -- CPU_ReadMem(4 bytes @ 0xE000EDFC) -- CPU_ReadMem(4 bytes @ 0xE0001000) -- CPU_WriteMem(4 bytes @ 0xE0001000) -- CPU_ReadMem(4 bytes @ 0xE00FF018)  returns 0x00 (0055ms, 0361ms total)
02-00000000-00-00000395-00A2: T1EB8 000:393 JLINK_GetIdData(...) >0x0D TIF> >0x21 TIF> ScanLen=4 NumDevices=1 aId[0]=0x0BB11477 aIrRead[0]=0 aScanLen[0]=0 aScanRead[0]=0 (0002ms, 0363ms total)
02-00000000-00-00000395-0047: T1EB8 000:395 JLINK_GetDeviceFamily()  returns 6 (0000ms, 0363ms total)
02-00000000-00-00000399-0043: T1EB8 000:395 JLINK_IsHalted()  returns TRUE (0004ms, 0367ms total)
02-00000000-00-00000399-0043: T1EB8 000:399 JLINK_IsHalted()  returns TRUE (0000ms, 0363ms total)
02-00000000-00-00000400-0051: T1EB8 000:400 JLINK_WriteReg(R0, 0x00000000)  returns 0x00 (0000ms, 0363ms total)
02-00000000-00-00000400-0051: T1EB8 000:400 JLINK_WriteReg(R1, 0x00000000)  returns 0x00 (0000ms, 0363ms total)
02-00000000-00-00000400-0051: T1EB8 000:400 JLINK_WriteReg(R2, 0x00000000)  returns 0x00 (0000ms, 0363ms total)
02-00000000-00-00000400-0051: T1EB8 000:400 JLINK_WriteReg(R3, 0x00000000)  returns 0x00 (0000ms, 0363ms total)
02-00000000-00-00000400-0051: T1EB8 000:400 JLINK_WriteReg(R4, 0x00000000)  returns 0x00 (0000ms, 0363ms total)
02-00000000-00-00000400-0051: T1EB8 000:400 JLINK_WriteReg(R5, 0x00000000)  returns 0x00 (0000ms, 0363ms total)
02-00000000-00-00000400-0051: T1EB8 000:400 JLINK_WriteReg(R6, 0x00000000)  returns 0x00 (0000ms, 0363ms total)
02-00000000-00-00000400-0051: T1EB8 000:400 JLINK_WriteReg(R7, 0x00000000)  returns 0x00 (0000ms, 0363ms total)
02-00000000-00-00000400-0051: T1EB8 000:400 JLINK_WriteReg(R8, 0x00000000)  returns 0x00 (0000ms, 0363ms total)
02-00000000-00-00000400-0051: T1EB8 000:400 JLINK_WriteReg(R9, 0x00000000)  returns 0x00 (0000ms, 0363ms total)
02-00000000-00-00000400-0052: T1EB8 000:400 JLINK_WriteReg(R10, 0x00000000)  returns 0x00 (0000ms, 0363ms total)
02-00000000-00-00000400-0052: T1EB8 000:400 JLINK_WriteReg(R11, 0x00000000)  returns 0x00 (0000ms, 0363ms total)
02-00000000-00-00000400-0052: T1EB8 000:400 JLINK_WriteReg(R12, 0x00000000)  returns 0x00 (0000ms, 0363ms total)
02-00000000-00-00000400-0057: T1EB8 000:400 JLINK_WriteReg(R13 (SP), 0x00000000)  returns 0x00 (0000ms, 0363ms total)
02-00000000-00-00000400-0052: T1EB8 000:400 JLINK_WriteReg(R14, 0x00000000)  returns 0x00 (0000ms, 0363ms total)
02-00000000-00-00000400-0057: T1EB8 000:400 JLINK_WriteReg(R15 (PC), 0x00000000)  returns 0x00 (0000ms, 0363ms total)
02-00000000-00-00000400-0053: T1EB8 000:400 JLINK_WriteReg(XPSR, 0x01000000)  returns 0x00 (0000ms, 0363ms total)
03-00000000-00-00000400-0013: Connected to target
03-00000000-00-00000400-001D: Waiting for GDB connection...
03-00000000-00-00000566-0016: Connected to 127.0.0.1
00-00000268-00-00000567-0014: $qRcmd,636C726270#3D
01-00000268-00-00000567-0001: +
01-00000268-00-00000567-0006: $OK#9a
00-00000268-00-00000567-0001: +
00-00000268-00-00000567-0018: $qRcmd,72657365742030#FC
01-00000268-00-00000567-0001: +
02-00000000-00-00000568-0077: T17FC 000:568 JLINK_SetResetType(JLINKARM_RESET_TYPE_NORMAL)  returns JLINKARM_RESET_TYPE_NORMAL (0000ms, 0363ms total)
02-00000000-00-00000568-003E: T17FC 000:568 JLINK_ResetPullsRESET(ON) (0000ms, 0363ms total)
02-00000000-00-00000603-01FB: T17FC 000:568 JLINK_Reset() -- CPU_WriteMem(4 bytes @ 0xE000EDF0) -- CPU_WriteMem(4 bytes @ 0xE000EDFC) >0x35 TIF> -- CPU_WriteMem(4 bytes @ 0xE000ED0C) -- CPU_ReadMem(4 bytes @ 0xE000EDF0) -- CPU_ReadMem(4 bytes @ 0xE000EDF0) -- CPU_WriteMem(4 bytes @ 0xE000EDF0) -- CPU_WriteMem(4 bytes @ 0xE000EDFC) -- CPU is running -- CPU_ReadMem(4 bytes @ 0xE000EDF0) -- CPU_WriteMem(4 bytes @ 0xE0002000) -- CPU_ReadMem(4 bytes @ 0xE000EDFC) -- CPU_ReadMem(4 bytes @ 0xE0001000) -- CPU_WriteMem(4 bytes @ 0xE0001000)
02-00000000-00-00000603-0017:  (0035ms, 0398ms total)
01-00000268-00-00000603-007C: $52657365747320636f72652026207065726970686572616c7320766961205359535245534554524551202620564543545245534554206269742e0D0A#1f
00-00000268-00-00000604-0001: +
03-00000000-00-00000604-003A: Resets core & peripherals via SYSRESETREQ & VECTRESET bit.
00-00000268-00-00000604-001A: $qRcmd,736C656570203130#6C
01-00000268-00-00000604-0001: +
01-00000268-00-00000614-001C: $536c6565702031306d730D0A#50
00-00000268-00-00000614-0001: +
03-00000000-00-00000614-000A: Sleep 10ms
00-00000268-00-00000614-0012: $qRcmd,68616C74#DC
01-00000268-00-00000614-0001: +
03-00000000-00-00000614-0015: Halting target CPU...
02-00000000-00-00000614-003F: T17FC 000:614 JLINK_Halt()  returns 0x00 (0000ms, 0398ms total)
02-00000000-00-00000614-0043: T17FC 000:614 JLINK_IsHalted()  returns TRUE (0000ms, 0398ms total)
02-00000000-00-00000614-0050: T17FC 000:614 JLINK_ReadReg(R15 (PC))  returns 0x0000022C (0000ms, 0398ms total)
03-00000000-00-00000614-0022: ...Target halted (PC = 0x0000022C)
01-00000268-00-00000614-0006: $OK#9a
00-00000268-00-00000615-0001: +
00-00000268-00-00000615-0044: $qRcmd,6D656D55333220307837666430303030203D2030786465616462656566#14
01-00000268-00-00000615-0001: +
02-00000000-00-00000616-007F: T17FC 000:615 JLINK_WriteU32(0x07FD0000, 0xDEADBEEF) -- CPU_WriteMem(4 bytes @ 0x07FD0000)  returns 0x00 (0001ms, 0399ms total)
01-00000268-00-00000616-0056: $57726974696e6720307844454144424545462040206164647265737320307830374644303030300D0A#e9
00-00000268-00-00000616-0001: +
03-00000000-00-00000616-0027: Writing 0xDEADBEEF @ address 0x07FD0000
00-00000268-00-00000616-0044: $qRcmd,6D656D55333220307837666430303034203D2030786465616462656566#18
01-00000268-00-00000617-0001: +
02-00000000-00-00000618-007F: T17FC 000:617 JLINK_WriteU32(0x07FD0004, 0xDEADBEEF) -- CPU_WriteMem(4 bytes @ 0x07FD0004)  returns 0x00 (0001ms, 0400ms total)
01-00000268-00-00000618-0056: $57726974696e6720307844454144424545462040206164647265737320307830374644303030340D0A#ed
00-00000268-00-00000618-0001: +
03-00000000-00-00000618-0027: Writing 0xDEADBEEF @ address 0x07FD0004
00-00000268-00-00000618-0044: $qRcmd,6D656D55333220307837666430303038203D2030786465616462656566#1C
01-00000268-00-00000618-0001: +
02-00000000-00-00000620-007F: T17FC 000:619 JLINK_WriteU32(0x07FD0008, 0xDEADBEEF) -- CPU_WriteMem(4 bytes @ 0x07FD0008)  returns 0x00 (0001ms, 0401ms total)
01-00000268-00-00000620-0056: $57726974696e6720307844454144424545462040206164647265737320307830374644303030380D0A#f1
00-00000268-00-00000620-0001: +
03-00000000-00-00000620-0027: Writing 0xDEADBEEF @ address 0x07FD0008
00-00000268-00-00000620-0044: $qRcmd,6D656D55333220307837666430303063203D2030786465616431306363#09
01-00000268-00-00000620-0001: +
02-00000000-00-00000622-007F: T17FC 000:620 JLINK_WriteU32(0x07FD000C, 0xDEAD10CC) -- CPU_WriteMem(4 bytes @ 0x07FD000C)  returns 0x00 (0002ms, 0403ms total)
01-00000268-00-00000622-0056: $57726974696e6720307844454144313043432040206164647265737320307830374644303030430D0A#e0
00-00000268-00-00000622-0001: +
03-00000000-00-00000622-0027: Writing 0xDEAD10CC @ address 0x07FD000C
00-00000268-01-00000622-0014: 245834303063333035302c343a01000000234232
01-00000268-00-00000622-0001: +
03-00000000-00-00000622-0028: Downloading 4 bytes @ address 0x400C3050
02-00000000-00-00000624-009A: T17FC 000:622 JLINK_WriteMem(0x400C3050, 0x0004 Bytes, ...) - Data: 01 00 00 00 -- CPU_WriteMem(4 bytes @ 0x400C3050)  returns 0x04 (0002ms, 0405ms total)
01-00000268-00-00000624-0006: $OK#9a
00-00000268-00-00000624-0001: +
00-00000268-00-00000624-001C: $qRcmd,736C65657020313030#CF
01-00000268-00-00000625-0001: +
01-00000268-00-00000725-001E: $536c656570203130306d730D0A#b3
00-00000268-00-00000725-0001: +
03-00000000-00-00000725-000B: Sleep 100ms
00-00000268-00-00001725-0018: $qRcmd,72657365742030#FC
01-00000268-00-00001725-0001: +
02-00000000-00-00001725-0077: T17FC 001:725 JLINK_SetResetType(JLINKARM_RESET_TYPE_NORMAL)  returns JLINKARM_RESET_TYPE_NORMAL (0000ms, 0405ms total)
02-00000000-00-00001725-003E: T17FC 001:725 JLINK_ResetPullsRESET(ON) (0000ms, 0405ms total)
02-00000000-00-00001773-01F7: T17FC 001:725 JLINK_Reset() -- CPU_WriteMem(4 bytes @ 0xE000EDF0) -- CPU_WriteMem(4 bytes @ 0xE000EDFC) >0x35 TIF> -- CPU_WriteMem(4 bytes @ 0xE000ED0C) -- CPU_ReadMem(4 bytes @ 0xE000EDF0) >0x108 TIF> >0x0D TIF> >0x21 TIF> >0x0D TIF> >0x28 TIF> >0x0D TIF> >0x28 TIF> >0x0D TIF> >0x21 TIF> >0x0D TIF> >0x28 TIF> >0x0D TIF> >0x28 TIF> >0x0D TIF> >0x28 TIF> >0x0D TIF> >0x21 TIF> >0x0D TIF> >0x21 TIF> >0x0D TIF> >0x28 TIF> >0x0D TIF> >0x21 TIF> >0x0D TIF> >0x21 TIF> -- CPU_WriteMem(4 bytes @ 0xE000EDF0)
02-00000000-00-00001804-01D1:  -- CPU_WriteMem(4 bytes @ 0xE000EDFC) >0x35 TIF> -- CPU_WriteMem(4 bytes @ 0xE000ED0C) -- CPU_ReadMem(4 bytes @ 0xE000EDF0) -- CPU_ReadMem(4 bytes @ 0xE000EDF0) -- CPU_WriteMem(4 bytes @ 0xE000EDF0) -- CPU_WriteMem(4 bytes @ 0xE000EDFC) -- CPU is running -- CPU_ReadMem(4 bytes @ 0xE000EDF0) -- CPU_WriteMem(4 bytes @ 0xE0002000) -- CPU_ReadMem(4 bytes @ 0xE000EDFC) -- CPU_ReadMem(4 bytes @ 0xE0001000) -- CPU_WriteMem(4 bytes @ 0xE0001000) (0079ms, 0484ms total)
01-00000268-00-00001804-007C: $52657365747320636f72652026207065726970686572616c7320766961205359535245534554524551202620564543545245534554206269742e0D0A#1f
00-00000268-00-00001804-0001: +
03-00000000-00-00001805-003A: Resets core & peripherals via SYSRESETREQ & VECTRESET bit.
00-00000268-00-00001805-0018: $qRcmd,736C6565702031#09
01-00000268-00-00001805-0001: +
01-00000268-00-00001806-001A: $536c65657020316d730D0A#ed
00-00000268-00-00001806-0001: +
03-00000000-00-00001806-0009: Sleep 1ms
00-00000268-00-00001806-0012: $qRcmd,68616C74#DC
01-00000268-00-00001806-0001: +
03-00000000-00-00001806-0015: Halting target CPU...
02-00000000-00-00001806-003F: T17FC 001:806 JLINK_Halt()  returns 0x00 (0000ms, 0484ms total)
02-00000000-00-00001806-0043: T17FC 001:806 JLINK_IsHalted()  returns TRUE (0000ms, 0484ms total)
02-00000000-00-00001807-0050: T17FC 001:807 JLINK_ReadReg(R15 (PC))  returns 0x07F01E8A (0000ms, 0484ms total)
03-00000000-00-00001807-0022: ...Target halted (PC = 0x07F01E8A)
01-00000268-00-00001807-0006: $OK#9a
00-00000268-00-00001807-0001: +
00-00000268-01-00001807-0012: 245835303030303031322c323aab00233233
01-00000268-00-00001807-0001: +
03-00000000-00-00001807-0028: Downloading 2 bytes @ address 0x50000012
02-00000000-00-00001809-0094: T17FC 001:807 JLINK_WriteMem(0x50000012, 0x0002 Bytes, ...) - Data: AB 00 -- CPU_WriteMem(2 bytes @ 0x50000012)  returns 0x02 (0002ms, 0486ms total)
01-00000268-00-00001809-0006: $OK#9a
00-00000268-00-00001809-0001: +
00-00000268-00-00001878-008C: $qRcmd,6C6F616462696E20433A5C55736572735C41444D494E497E315C417070446174615C4C6F63616C5C54656D705C364646382E746D702C2030783030303030303030#C3
01-00000268-00-00001878-0001: +
03-00000000-00-00001878-0047: Loading binary file [C:\Users\ADMINI~1\AppData\Local\Temp\6FF8.tmp] ...
03-00000000-00-00001879-002C: Downloading 16032 bytes @ address 0x00000000
02-00000000-00-00001975-00C8: T17FC 001:879 JLINK_WriteMem(0x00000000, 0x3EA0 Bytes, ...) - Data: 00 FC 00 00 2D 02 00 00 25 05 00 00 25 05 00 00 ... -- CPU_WriteMem(16032 bytes @ 0x00000000)  returns 0x3EA0 (0096ms, 0582ms total)
01-00000268-00-00001976-0078: $42696e6172792066696c65206c6f61646564207375636365737366756c6c792028313630333220627974657320646f776e6c6f61646564290D0A#ce
00-00000268-00-00001976-0001: +
03-00000000-00-00001976-0038: Binary file loaded successfully (16032 bytes downloaded)
00-00000268-00-00001976-0018: $qRcmd,72657365742030#FC
01-00000268-00-00001976-0001: +
02-00000000-00-00001976-0077: T17FC 001:976 JLINK_SetResetType(JLINKARM_RESET_TYPE_NORMAL)  returns JLINKARM_RESET_TYPE_NORMAL (0000ms, 0582ms total)
02-00000000-00-00001976-003E: T17FC 001:976 JLINK_ResetPullsRESET(ON) (0000ms, 0582ms total)
02-00000000-00-00002009-01FB: T17FC 001:977 JLINK_Reset() -- CPU_ReadMem(4 bytes @ 0x00000000) -- CPU_WriteMem(4 bytes @ 0x00000000) -- CPU_WriteMem(4 bytes @ 0xE000EDF0) -- CPU_WriteMem(4 bytes @ 0xE000EDFC) >0x35 TIF> -- CPU_WriteMem(4 bytes @ 0xE000ED0C) -- CPU_ReadMem(4 bytes @ 0xE000EDF0) -- CPU_ReadMem(4 bytes @ 0xE000EDF0) -- CPU_WriteMem(4 bytes @ 0xE000EDF0) -- CPU_WriteMem(4 bytes @ 0xE000EDFC) -- CPU is running -- CPU_ReadMem(4 bytes @ 0xE000EDF0) -- CPU_WriteMem(4 bytes @ 0xE0002000) -- CPU_ReadMem(4 bytes @ 0xE000EDFC)
02-00000000-00-00002012-0062:  -- CPU_ReadMem(4 bytes @ 0xE0001000) -- CPU_WriteMem(4 bytes @ 0xE0001000) (0035ms, 0618ms total)
01-00000268-00-00002012-007C: $52657365747320636f72652026207065726970686572616c7320766961205359535245534554524551202620564543545245534554206269742e0D0A#1f
00-00000268-00-00002013-0001: +
03-00000000-00-00002013-003A: Resets core & peripherals via SYSRESETREQ & VECTRESET bit.
00-00000268-00-00002013-0012: $qRcmd,68616C74#DC
01-00000268-00-00002013-0001: +
03-00000000-00-00002013-0015: Halting target CPU...
02-00000000-00-00002013-003F: T17FC 002:013 JLINK_Halt()  returns 0x00 (0000ms, 0618ms total)
02-00000000-00-00002013-0043: T17FC 002:013 JLINK_IsHalted()  returns TRUE (0000ms, 0618ms total)
02-00000000-00-00002013-0050: T17FC 002:013 JLINK_ReadReg(R15 (PC))  returns 0x0000022C (0000ms, 0618ms total)
03-00000000-00-00002013-0022: ...Target halted (PC = 0x0000022C)
01-00000268-00-00002014-0006: $OK#9a
00-00000268-00-00002014-0001: +
00-00000268-01-00002014-000C: 24583231382c313a01233842
01-00000268-00-00002014-0001: +
03-00000000-00-00002014-0028: Downloading 1 bytes @ address 0x00000218
02-00000000-00-00002015-0091: T17FC 002:014 JLINK_WriteMem(0x00000218, 0x0001 Bytes, ...) - Data: 01 -- CPU_WriteMem(1 bytes @ 0x00000218)  returns 0x01 (0001ms, 0619ms total)
01-00000268-00-00002016-0006: $OK#9a
00-00000268-00-00002016-0001: +
00-00000268-00-00002016-0005: $s#73
01-00000268-00-00002016-0001: +
03-00000000-00-00002016-0019: Performing single step...
02-00000000-00-00002025-009B: T17FC 002:016 JLINK_Step() -- CPU_ReadMem(2 bytes @ 0x0000022C) -- Not simulated -- CPU_WriteMem(4 bytes @ 0xE0001004)  returns 0x00 (0009ms, 0629ms total)
02-00000000-00-00002025-0043: T17FC 002:025 JLINK_IsHalted()  returns TRUE (0000ms, 0629ms total)
02-00000000-00-00002025-0050: T17FC 002:025 JLINK_ReadReg(R15 (PC))  returns 0x0000022E (0000ms, 0629ms total)
02-00000000-00-00002026-0058: T17FC 002:026 JLINK_FindBP(Addr = 0x0000022E)  returns 0x00000000 (0000ms, 0630ms total)
02-00000000-00-00002026-0044: T17FC 002:026 JLINK_GetNumWPs()  returns 0x00 (0000ms, 0630ms total)
03-00000000-00-00002026-0022: ...Target halted (PC = 0x0000022E)
01-00000268-00-00002026-0007: $T05#b9
00-00000268-00-00002026-0001: +
00-00000268-00-00002026-0005: $c#63
01-00000268-00-00002026-0001: +
03-00000000-00-00002026-0016: Starting target CPU...
02-00000000-00-00002027-0043: T17FC 002:027 JLINK_IsHalted()  returns TRUE (0000ms, 0630ms total)
02-00000000-00-00002028-0050: T17FC 002:027 JLINK_GoEx(MaxEmulInsts = -1, Flags = 0x00) (0001ms, 0631ms total)
02-00000000-00-00002030-0044: T17FC 002:028 JLINK_IsHalted()  returns FALSE (0002ms, 0633ms total)
02-00000000-00-00002051-0044: T17FC 002:050 JLINK_IsHalted()  returns FALSE (0001ms, 0632ms total)
02-00000000-00-00002072-0044: T17FC 002:071 JLINK_IsHalted()  returns FALSE (0001ms, 0632ms total)
02-00000000-00-00002102-0044: T17FC 002:101 JLINK_IsHalted()  returns FALSE (0001ms, 0632ms total)
02-00000000-00-00002123-0044: T17FC 002:122 JLINK_IsHalted()  returns FALSE (0001ms, 0632ms total)
02-00000000-00-00002144-0044: T17FC 002:143 JLINK_IsHalted()  returns FALSE (0001ms, 0632ms total)
02-00000000-00-00002165-0044: T17FC 002:164 JLINK_IsHalted()  returns FALSE (0001ms, 0632ms total)
02-00000000-00-00002186-0044: T17FC 002:185 JLINK_IsHalted()  returns FALSE (0001ms, 0632ms total)
02-00000000-00-00002207-0044: T17FC 002:206 JLINK_IsHalted()  returns FALSE (0001ms, 0632ms total)
02-00000000-00-00002230-0044: T17FC 002:227 JLINK_IsHalted()  returns FALSE (0003ms, 0634ms total)
02-00000000-00-00002251-0044: T17FC 002:250 JLINK_IsHalted()  returns FALSE (0001ms, 0632ms total)
02-00000000-00-00002272-0044: T17FC 002:271 JLINK_IsHalted()  returns FALSE (0001ms, 0632ms total)
02-00000000-00-00002293-0044: T17FC 002:292 JLINK_IsHalted()  returns FALSE (0001ms, 0632ms total)
02-00000000-00-00002314-0044: T17FC 002:313 JLINK_IsHalted()  returns FALSE (0001ms, 0632ms total)
02-00000000-00-00002336-0044: T17FC 002:334 JLINK_IsHalted()  returns FALSE (0002ms, 0633ms total)
02-00000000-00-00002358-0044: T17FC 002:356 JLINK_IsHalted()  returns FALSE (0002ms, 0633ms total)
02-00000000-00-00002379-0044: T17FC 002:378 JLINK_IsHalted()  returns FALSE (0001ms, 0632ms total)
02-00000000-00-00002400-0044: T17FC 002:399 JLINK_IsHalted()  returns FALSE (0001ms, 0632ms total)
02-00000000-00-00002430-0044: T17FC 002:428 JLINK_IsHalted()  returns FALSE (0002ms, 0633ms total)
02-00000000-00-00002432-0049: T051C 002:431 JLINK_GetHWStatus(...)  returns 0x00 (0001ms, 0632ms total)
02-00000000-00-00002453-0044: T17FC 002:450 JLINK_IsHalted()  returns FALSE (0003ms, 0635ms total)
02-00000000-00-00002474-0044: T17FC 002:473 JLINK_IsHalted()  returns FALSE (0001ms, 0633ms total)
02-00000000-00-00002495-0044: T17FC 002:494 JLINK_IsHalted()  returns FALSE (0001ms, 0633ms total)
02-00000000-00-00002516-0044: T17FC 002:515 JLINK_IsHalted()  returns FALSE (0001ms, 0633ms total)
02-00000000-00-00002537-0044: T17FC 002:536 JLINK_IsHalted()  returns FALSE (0001ms, 0633ms total)
02-00000000-00-00002558-0044: T17FC 002:557 JLINK_IsHalted()  returns FALSE (0001ms, 0633ms total)
02-00000000-00-00002579-0044: T17FC 002:578 JLINK_IsHalted()  returns FALSE (0001ms, 0633ms total)
02-00000000-00-00002600-0044: T17FC 002:599 JLINK_IsHalted()  returns FALSE (0001ms, 0633ms total)
02-00000000-00-00002621-0044: T17FC 002:620 JLINK_IsHalted()  returns FALSE (0001ms, 0633ms total)
02-00000000-00-00002642-0044: T17FC 002:641 JLINK_IsHalted()  returns FALSE (0001ms, 0633ms total)
02-00000000-00-00002663-0044: T17FC 002:662 JLINK_IsHalted()  returns FALSE (0001ms, 0633ms total)
02-00000000-00-00002684-0044: T17FC 002:683 JLINK_IsHalted()  returns FALSE (0001ms, 0633ms total)
02-00000000-00-00002705-0044: T17FC 002:704 JLINK_IsHalted()  returns FALSE (0001ms, 0633ms total)
02-00000000-00-00002726-0044: T17FC 002:725 JLINK_IsHalted()  returns FALSE (0001ms, 0633ms total)
02-00000000-00-00002748-0044: T17FC 002:746 JLINK_IsHalted()  returns FALSE (0002ms, 0634ms total)
02-00000000-00-00002770-0044: T17FC 002:769 JLINK_IsHalted()  returns FALSE (0001ms, 0633ms total)
02-00000000-00-00002791-0044: T17FC 002:790 JLINK_IsHalted()  returns FALSE (0001ms, 0633ms total)
02-00000000-00-00002812-0044: T17FC 002:811 JLINK_IsHalted()  returns FALSE (0001ms, 0633ms total)
02-00000000-00-00002834-0044: T17FC 002:832 JLINK_IsHalted()  returns FALSE (0002ms, 0634ms total)
02-00000000-00-00002855-0044: T17FC 002:854 JLINK_IsHalted()  returns FALSE (0001ms, 0633ms total)
02-00000000-00-00002876-0044: T17FC 002:875 JLINK_IsHalted()  returns FALSE (0001ms, 0633ms total)
02-00000000-00-00002897-0044: T17FC 002:896 JLINK_IsHalted()  returns FALSE (0001ms, 0633ms total)
02-00000000-00-00002919-0044: T17FC 002:918 JLINK_IsHalted()  returns FALSE (0001ms, 0633ms total)
02-00000000-00-00002940-0044: T17FC 002:939 JLINK_IsHalted()  returns FALSE (0001ms, 0633ms total)
02-00000000-00-00002961-0044: T17FC 002:960 JLINK_IsHalted()  returns FALSE (0001ms, 0633ms total)
02-00000000-00-00002982-0044: T17FC 002:981 JLINK_IsHalted()  returns FALSE (0001ms, 0633ms total)
02-00000000-00-00003003-0044: T17FC 003:002 JLINK_IsHalted()  returns FALSE (0001ms, 0633ms total)
02-00000000-00-00003025-0044: T17FC 003:024 JLINK_IsHalted()  returns FALSE (0001ms, 0633ms total)
02-00000000-00-00003046-0044: T17FC 003:045 JLINK_IsHalted()  returns FALSE (0001ms, 0633ms total)
02-00000000-00-00003068-0044: T17FC 003:067 JLINK_IsHalted()  returns FALSE (0001ms, 0633ms total)
02-00000000-00-00003089-0044: T17FC 003:088 JLINK_IsHalted()  returns FALSE (0001ms, 0633ms total)
02-00000000-00-00003110-0044: T17FC 003:109 JLINK_IsHalted()  returns FALSE (0001ms, 0633ms total)
02-00000000-00-00003131-0044: T17FC 003:130 JLINK_IsHalted()  returns FALSE (0001ms, 0633ms total)
02-00000000-00-00003152-0044: T17FC 003:151 JLINK_IsHalted()  returns FALSE (0001ms, 0633ms total)
02-00000000-00-00003173-0044: T17FC 003:172 JLINK_IsHalted()  returns FALSE (0001ms, 0633ms total)
02-00000000-00-00003194-0044: T17FC 003:193 JLINK_IsHalted()  returns FALSE (0001ms, 0633ms total)
02-00000000-00-00003215-0044: T17FC 003:214 JLINK_IsHalted()  returns FALSE (0001ms, 0633ms total)
02-00000000-00-00003236-0044: T17FC 003:235 JLINK_IsHalted()  returns FALSE (0001ms, 0633ms total)
02-00000000-00-00003257-0044: T17FC 003:256 JLINK_IsHalted()  returns FALSE (0001ms, 0633ms total)
02-00000000-00-00003278-0044: T17FC 003:277 JLINK_IsHalted()  returns FALSE (0001ms, 0633ms total)
02-00000000-00-00003300-0044: T17FC 003:299 JLINK_IsHalted()  returns FALSE (0001ms, 0633ms total)
02-00000000-00-00003322-0044: T17FC 003:321 JLINK_IsHalted()  returns FALSE (0001ms, 0633ms total)
02-00000000-00-00003344-0044: T17FC 003:343 JLINK_IsHalted()  returns FALSE (0001ms, 0633ms total)
02-00000000-00-00003365-0044: T17FC 003:364 JLINK_IsHalted()  returns FALSE (0001ms, 0633ms total)
02-00000000-00-00003387-0044: T17FC 003:386 JLINK_IsHalted()  returns FALSE (0001ms, 0634ms total)
02-00000000-00-00003408-0044: T17FC 003:407 JLINK_IsHalted()  returns FALSE (0001ms, 0634ms total)
02-00000000-00-00003433-0043: T17FC 003:428 JLINK_IsHalted()  returns TRUE (0005ms, 0638ms total)
02-00000000-00-00003433-0050: T17FC 003:433 JLINK_ReadReg(R15 (PC))  returns 0x0000123E (0000ms, 0633ms total)
02-00000000-00-00003433-0058: T17FC 003:433 JLINK_FindBP(Addr = 0x0000123E)  returns 0x00000000 (0000ms, 0633ms total)
02-00000000-00-00003433-0044: T17FC 003:433 JLINK_GetNumWPs()  returns 0x00 (0000ms, 0633ms total)
03-00000000-00-00003433-0022: ...Target halted (PC = 0x0000123E)
01-00000268-00-00003433-0007: $T05#b9
00-00000268-00-00003434-0001: +
00-00000268-01-00003454-0033: 245831303030302c32343a7061ffffa0e70100a17eb2a0312e302e302e3600ffffffffffffffff50155f597d04000000234334
01-00000268-00-00003454-0001: +
03-00000000-00-00003454-0029: Downloading 36 bytes @ address 0x00010000
02-00000000-00-00003456-00C3: T17FC 003:454 JLINK_WriteMem(0x00010000, 0x0024 Bytes, ...) - Data: 70 61 FF FF A0 E7 01 00 A1 7E B2 A0 31 2E 30 2E ... -- CPU_WriteMem(36 bytes @ 0x00010000)  returns 0x24 (0002ms, 0635ms total)
01-00000268-00-00003456-0006: $OK#9a
00-00000268-00-00003456-0001: +
00-00000268-01-00003456-001B: 2458336465652c653a01030a00000001007d040000f00100233035
01-00000268-00-00003457-0001: +
03-00000000-00-00003457-0029: Downloading 14 bytes @ address 0x00003DEE
02-00000000-00-00003459-00B9: T17FC 003:457 JLINK_WriteMem(0x00003DEE, 0x000E Bytes, ...) - Data: 01 03 0A 00 00 00 01 00 24 00 00 F0 01 00 -- CPU_WriteMem(14 bytes @ 0x00003DEE)  returns 0x0E (0002ms, 0637ms total)
01-00000268-00-00003460-0006: $OK#9a
00-00000268-00-00003460-0001: +
00-00000268-01-00003460-000F: 24583231632c343a01000000234239
01-00000268-00-00003460-0001: +
03-00000000-00-00003460-0028: Downloading 4 bytes @ address 0x0000021C
02-00000000-00-00003462-009A: T17FC 003:460 JLINK_WriteMem(0x0000021C, 0x0004 Bytes, ...) - Data: 01 00 00 00 -- CPU_WriteMem(4 bytes @ 0x0000021C)  returns 0x04 (0002ms, 0640ms total)
01-00000268-00-00003462-0006: $OK#9a
00-00000268-00-00003462-0001: +
00-00000268-00-00003462-0005: $s#73
01-00000268-00-00003462-0001: +
03-00000000-00-00003462-0019: Performing single step...
02-00000000-00-00003466-0096: T17FC 003:463 JLINK_Step() -- CPU_ReadMem(2 bytes @ 0x0000123E) -- CPU_ReadMem(4 bytes @ 0xE0001004) -- Simulated  returns 0x00 (0003ms, 0643ms total)
02-00000000-00-00003466-0043: T17FC 003:466 JLINK_IsHalted()  returns TRUE (0000ms, 0643ms total)
02-00000000-00-00003466-0050: T17FC 003:466 JLINK_ReadReg(R15 (PC))  returns 0x00001240 (0000ms, 0643ms total)
02-00000000-00-00003466-0058: T17FC 003:466 JLINK_FindBP(Addr = 0x00001240)  returns 0x00000000 (0000ms, 0643ms total)
02-00000000-00-00003466-0044: T17FC 003:466 JLINK_GetNumWPs()  returns 0x00 (0000ms, 0643ms total)
03-00000000-00-00003466-0022: ...Target halted (PC = 0x00001240)
01-00000268-00-00003466-0007: $T05#b9
00-00000268-00-00003466-0001: +
00-00000268-00-00003466-0005: $c#63
01-00000268-00-00003467-0001: +
03-00000000-00-00003467-0016: Starting target CPU...
02-00000000-00-00003467-0043: T17FC 003:467 JLINK_IsHalted()  returns TRUE (0000ms, 0643ms total)
02-00000000-00-00003472-0076: T17FC 003:467 JLINK_GoEx(MaxEmulInsts = -1, Flags = 0x00) -- CPU_WriteMem(4 bytes @ 0xE0001004) (0005ms, 0648ms total)
02-00000000-00-00003473-0044: T17FC 003:472 JLINK_IsHalted()  returns FALSE (0001ms, 0649ms total)
02-00000000-00-00003494-0044: T17FC 003:493 JLINK_IsHalted()  returns FALSE (0001ms, 0649ms total)
02-00000000-00-00003519-0043: T17FC 003:514 JLINK_IsHalted()  returns TRUE (0005ms, 0653ms total)
02-00000000-00-00003519-0050: T17FC 003:519 JLINK_ReadReg(R15 (PC))  returns 0x0000123E (0000ms, 0648ms total)
02-00000000-00-00003519-0058: T17FC 003:519 JLINK_FindBP(Addr = 0x0000123E)  returns 0x00000000 (0000ms, 0648ms total)
02-00000000-00-00003519-0044: T17FC 003:519 JLINK_GetNumWPs()  returns 0x00 (0000ms, 0648ms total)
03-00000000-00-00003520-0022: ...Target halted (PC = 0x0000123E)
01-00000268-00-00003520-0007: $T05#b9
00-00000268-00-00003520-0001: +
00-00000268-00-00003520-0016: $m00000228,00000001#A6
01-00000268-00-00003521-0001: +
02-00000000-00-00003523-00EB: T17FC 003:521 JLINK_ReadMem (0x00000228, 0x0001 Bytes, ...) -- CPU_ReadMem(64 bytes @ 0x00000200) -- Updating DA cache (64 bytes @ 0x00000200) -- Read from DA cache (1 bytes @ 0x00000228) - Data: 06  returns 0x00 (0002ms, 0651ms total)
03-00000000-00-00003523-002F: Read 1 bytes @ address 0x00000228 (Data = 0x06)
01-00000268-00-00003523-0006: $06#66
00-00000268-00-00003523-0001: +
03-00000000-00-00003523-001C: GDB closed TCP/IP connection
03-00000000-00-00003668-0037: Restoring target state and closing J-Link connection...
02-00000000-00-00003668-0041: T1EB8 003:668 JLINK_IsOpen()  returns 0x01 (0000ms, 0651ms total)
02-00000000-00-00003668-0056: T1EB8 003:668 JLINK_ExecCommand("ClrAllBPs", ...)  returns 0x00 (0000ms, 0651ms total)
03-00000000-00-00003889-0010: Shutting down...
